<?xml version="1.0" encoding="UTF-8"?>
<testng-results ignored="0" total="4" passed="4" failed="0" skipped="0">
  <reporter-output>
  </reporter-output>
  <suite started-at="2024-01-02T21:35:16 EET" name="Suite" finished-at="2024-01-02T21:36:10 EET" duration-ms="53922">
    <groups>
    </groups>
    <test started-at="2024-01-02T21:35:16 EET" name="SignupTestCasesClass" finished-at="2024-01-02T21:35:35 EET" duration-ms="18871">
      <class name="ProjectPackage.SignupTestCasesClass">
        <test-method is-config="true" signature="Setup()[pri:0, instance:ProjectPackage.SignupTestCasesClass@2453f95d]" started-at="2024-01-02T21:35:16 EET" name="Setup" finished-at="2024-01-02T21:35:26 EET" duration-ms="9396" status="PASS">
          <reporter-output>
          </reporter-output>
        </test-method> <!-- Setup -->
        <test-method signature="SignUp()[pri:0, instance:ProjectPackage.SignupTestCasesClass@2453f95d]" started-at="2024-01-02T21:35:26 EET" name="SignUp" finished-at="2024-01-02T21:35:35 EET" duration-ms="9398" status="PASS">
          <reporter-output>
          </reporter-output>
        </test-method> <!-- SignUp -->
        <test-method is-config="true" signature="PostTest()[pri:0, instance:ProjectPackage.SignupTestCasesClass@2453f95d]" started-at="2024-01-02T21:35:35 EET" name="PostTest" finished-at="2024-01-02T21:35:35 EET" duration-ms="0" status="PASS">
          <reporter-output>
          </reporter-output>
        </test-method> <!-- PostTest -->
      </class> <!-- ProjectPackage.SignupTestCasesClass -->
    </test> <!-- SignupTestCasesClass -->
    <test started-at="2024-01-02T21:35:36 EET" name="LoginTestCasesClass" finished-at="2024-01-02T21:35:53 EET" duration-ms="17904">
      <class name="ProjectPackage.LoginTestCasesClass">
        <test-method is-config="true" signature="Setup()[pri:0, instance:ProjectPackage.LoginTestCasesClass@5ac86ba5]" started-at="2024-01-02T21:35:36 EET" name="Setup" finished-at="2024-01-02T21:35:43 EET" duration-ms="7560" status="PASS">
          <reporter-output>
          </reporter-output>
        </test-method> <!-- Setup -->
        <test-method signature="Login()[pri:0, instance:ProjectPackage.LoginTestCasesClass@5ac86ba5]" started-at="2024-01-02T21:35:43 EET" name="Login" finished-at="2024-01-02T21:35:49 EET" duration-ms="5868" status="PASS">
          <reporter-output>
          </reporter-output>
        </test-method> <!-- Login -->
        <test-method signature="changePass()[pri:0, instance:ProjectPackage.LoginTestCasesClass@5ac86ba5]" started-at="2024-01-02T21:35:49 EET" name="changePass" finished-at="2024-01-02T21:35:53 EET" duration-ms="4451" status="PASS">
          <reporter-output>
          </reporter-output>
        </test-method> <!-- changePass -->
        <test-method is-config="true" signature="PostTest()[pri:0, instance:ProjectPackage.LoginTestCasesClass@5ac86ba5]" started-at="2024-01-02T21:35:53 EET" name="PostTest" finished-at="2024-01-02T21:35:53 EET" duration-ms="0" status="PASS">
          <reporter-output>
          </reporter-output>
        </test-method> <!-- PostTest -->
      </class> <!-- ProjectPackage.LoginTestCasesClass -->
    </test> <!-- LoginTestCasesClass -->
    <test started-at="2024-01-02T21:35:54 EET" name="TransClass" finished-at="2024-01-02T21:36:10 EET" duration-ms="16790">
      <class name="ProjectPackage.TransClass">
        <test-method is-config="true" signature="Setup()[pri:0, instance:ProjectPackage.TransClass@782a4fff]" started-at="2024-01-02T21:35:54 EET" name="Setup" finished-at="2024-01-02T21:35:59 EET" duration-ms="5480" status="PASS">
          <reporter-output>
          </reporter-output>
        </test-method> <!-- Setup -->
        <test-method signature="TransactionTest()[pri:0, instance:ProjectPackage.TransClass@782a4fff]" started-at="2024-01-02T21:35:59 EET" name="TransactionTest" finished-at="2024-01-02T21:36:10 EET" duration-ms="11302" status="PASS">
          <reporter-output>
          </reporter-output>
        </test-method> <!-- TransactionTest -->
        <test-method is-config="true" signature="PostTest()[pri:0, instance:ProjectPackage.TransClass@782a4fff]" started-at="2024-01-02T21:36:10 EET" name="PostTest" finished-at="2024-01-02T21:36:10 EET" duration-ms="1" status="PASS">
          <reporter-output>
          </reporter-output>
        </test-method> <!-- PostTest -->
      </class> <!-- ProjectPackage.TransClass -->
    </test> <!-- TransClass -->
  </suite> <!-- Suite -->
</testng-results>
